E, [2015-11-03T10:01:33.576562 #11507] ERROR -- Kitchen: ------Exception-------
E, [2015-11-03T10:01:33.576646 #11507] ERROR -- Kitchen: Class: Kitchen::UserError
E, [2015-11-03T10:01:33.576669 #11507] ERROR -- Kitchen: Message: Kitchen YAML file /home/para/chef-repo/cookbooks/zabbix/.kitchen.yml does not exist.
E, [2015-11-03T10:01:33.576701 #11507] ERROR -- Kitchen: ------Backtrace-------
E, [2015-11-03T10:01:33.576720 #11507] ERROR -- Kitchen: /opt/chefdk/embedded/lib/ruby/gems/2.1.0/gems/test-kitchen-1.4.2/lib/kitchen/loader/yaml.rb:74:in `read'
E, [2015-11-03T10:01:33.576739 #11507] ERROR -- Kitchen: /opt/chefdk/embedded/lib/ruby/gems/2.1.0/gems/test-kitchen-1.4.2/lib/kitchen/config.rb:145:in `data'
E, [2015-11-03T10:01:33.576758 #11507] ERROR -- Kitchen: /opt/chefdk/embedded/lib/ruby/gems/2.1.0/gems/test-kitchen-1.4.2/lib/kitchen/config.rb:124:in `suites'
E, [2015-11-03T10:01:33.576776 #11507] ERROR -- Kitchen: /opt/chefdk/embedded/lib/ruby/gems/2.1.0/gems/test-kitchen-1.4.2/lib/kitchen/config.rb:175:in `filter_instances'
E, [2015-11-03T10:01:33.576795 #11507] ERROR -- Kitchen: /opt/chefdk/embedded/lib/ruby/gems/2.1.0/gems/test-kitchen-1.4.2/lib/kitchen/config.rb:134:in `build_instances'
E, [2015-11-03T10:01:33.576813 #11507] ERROR -- Kitchen: /opt/chefdk/embedded/lib/ruby/gems/2.1.0/gems/test-kitchen-1.4.2/lib/kitchen/config.rb:110:in `instances'
E, [2015-11-03T10:01:33.576831 #11507] ERROR -- Kitchen: /opt/chefdk/embedded/lib/ruby/gems/2.1.0/gems/test-kitchen-1.4.2/lib/kitchen/command.rb:115:in `filtered_instances'
E, [2015-11-03T10:01:33.576850 #11507] ERROR -- Kitchen: /opt/chefdk/embedded/lib/ruby/gems/2.1.0/gems/test-kitchen-1.4.2/lib/kitchen/command.rb:145:in `parse_subcommand'
E, [2015-11-03T10:01:33.576868 #11507] ERROR -- Kitchen: /opt/chefdk/embedded/lib/ruby/gems/2.1.0/gems/test-kitchen-1.4.2/lib/kitchen/command/list.rb:32:in `call'
E, [2015-11-03T10:01:33.576893 #11507] ERROR -- Kitchen: /opt/chefdk/embedded/lib/ruby/gems/2.1.0/gems/test-kitchen-1.4.2/lib/kitchen/cli.rb:56:in `perform'
E, [2015-11-03T10:01:33.576912 #11507] ERROR -- Kitchen: /opt/chefdk/embedded/lib/ruby/gems/2.1.0/gems/test-kitchen-1.4.2/lib/kitchen/cli.rb:108:in `list'
E, [2015-11-03T10:01:33.576933 #11507] ERROR -- Kitchen: /opt/chefdk/embedded/lib/ruby/gems/2.1.0/gems/thor-0.19.1/lib/thor/command.rb:27:in `run'
E, [2015-11-03T10:01:33.576953 #11507] ERROR -- Kitchen: /opt/chefdk/embedded/lib/ruby/gems/2.1.0/gems/thor-0.19.1/lib/thor/invocation.rb:126:in `invoke_command'
E, [2015-11-03T10:01:33.576972 #11507] ERROR -- Kitchen: /opt/chefdk/embedded/lib/ruby/gems/2.1.0/gems/test-kitchen-1.4.2/lib/kitchen/cli.rb:308:in `invoke_task'
E, [2015-11-03T10:01:33.577011 #11507] ERROR -- Kitchen: /opt/chefdk/embedded/lib/ruby/gems/2.1.0/gems/thor-0.19.1/lib/thor.rb:359:in `dispatch'
E, [2015-11-03T10:01:33.577031 #11507] ERROR -- Kitchen: /opt/chefdk/embedded/lib/ruby/gems/2.1.0/gems/thor-0.19.1/lib/thor/base.rb:440:in `start'
E, [2015-11-03T10:01:33.577049 #11507] ERROR -- Kitchen: /opt/chefdk/embedded/lib/ruby/gems/2.1.0/gems/test-kitchen-1.4.2/bin/kitchen:13:in `block in <top (required)>'
E, [2015-11-03T10:01:33.577068 #11507] ERROR -- Kitchen: /opt/chefdk/embedded/lib/ruby/gems/2.1.0/gems/test-kitchen-1.4.2/lib/kitchen/errors.rb:154:in `with_friendly_errors'
E, [2015-11-03T10:01:33.577086 #11507] ERROR -- Kitchen: /opt/chefdk/embedded/lib/ruby/gems/2.1.0/gems/test-kitchen-1.4.2/bin/kitchen:13:in `<top (required)>'
E, [2015-11-03T10:01:33.577240 #11507] ERROR -- Kitchen: /usr/bin/kitchen:14:in `load'
E, [2015-11-03T10:01:33.577264 #11507] ERROR -- Kitchen: /usr/bin/kitchen:14:in `<main>'
E, [2015-11-03T10:01:33.577283 #11507] ERROR -- Kitchen: ----------------------
